<?xml version="1.0" encoding="UTF-8"?>
<!-- Generated by org.testng.reporters.JUnitReportReporter -->
<testsuite hostname="LAPTOP-TCT0999G" failures="0" tests="4" name="api.test.UserTests" time="17.403" errors="0" timestamp="2023-01-24T21:24:14 EST" skipped="0">
  <testcase classname="api.test.UserTests" name="testPostUser" time="16.128"/>
  <system-out/>
  <testcase classname="api.test.UserTests" name="testGetUserByName" time="0.553"/>
  <system-out/>
  <testcase classname="api.test.UserTests" name="testUpdateUserByName" time="0.474"/>
  <system-out/>
  <testcase classname="api.test.UserTests" name="testDeleteUserByName" time="0.248"/>
  <system-out/>
</testsuite> <!-- api.test.UserTests -->
