<?xml version="1.0" encoding="UTF-8"?>
<!-- Generated by org.testng.reporters.JUnitReportReporter -->
<testsuite hostname="LAPTOP-TCT0999G" failures="0" tests="4" name="api.test.UserTests2" time="2.681" errors="0" timestamp="2023-01-24T22:13:47 EST" skipped="0">
  <testcase classname="api.test.UserTests2" name="testPostUser" time="1.845"/>
  <system-out/>
  <testcase classname="api.test.UserTests2" name="testGetUserByName" time="0.237"/>
  <system-out/>
  <testcase classname="api.test.UserTests2" name="testUpdateUserByName" time="0.395"/>
  <system-out/>
  <testcase classname="api.test.UserTests2" name="testDeleteUserByName" time="0.204"/>
  <system-out/>
</testsuite> <!-- api.test.UserTests2 -->
