<?xml version="1.0" encoding="UTF-8"?>
<!-- Generated by org.testng.reporters.JUnitReportReporter -->
<testsuite hostname="LAPTOP-TCT0999G" failures="0" tests="6" name="api.test.DataDrivenTets" time="1.622" errors="0" timestamp="2023-01-24T21:24:14 EST" skipped="0">
  <testcase classname="api.test.DataDrivenTets" name="testPostUserTests" time="0.350"/>
  <system-out/>
  <testcase classname="api.test.DataDrivenTets" name="testPostUserTests" time="0.248"/>
  <system-out/>
  <testcase classname="api.test.DataDrivenTets" name="testPostUserTests" time="0.232"/>
  <system-out/>
  <testcase classname="api.test.DataDrivenTets" name="testDeleteUserByName" time="0.230"/>
  <system-out/>
  <testcase classname="api.test.DataDrivenTets" name="testDeleteUserByName" time="0.302"/>
  <system-out/>
  <testcase classname="api.test.DataDrivenTets" name="testDeleteUserByName" time="0.260"/>
  <system-out/>
</testsuite> <!-- api.test.DataDrivenTets -->
